This file contains any messages produced by compilers while
running configure, to aid debugging if configure makes a mistake.

It was created by configure, which was
generated by GNU Autoconf 2.69.  Invocation command line was

  $ ./configure --prefix=/Users/weitz/ndk/build/armeabi

## --------- ##
## Platform. ##
## --------- ##

hostname = q.fritz.box
uname -m = x86_64
uname -r = 14.5.0
uname -s = Darwin
uname -v = Darwin Kernel Version 14.5.0: Tue Sep  1 21:23:09 PDT 2015; root:xnu-2782.50.1~1/RELEASE_X86_64

/usr/bin/uname -p = i386
/bin/uname -X     = unknown

/bin/arch              = unknown
/usr/bin/arch -k       = unknown
/usr/convex/getsysinfo = unknown
/usr/bin/hostinfo      = Mach kernel version:
	 Darwin Kernel Version 14.5.0: Tue Sep  1 21:23:09 PDT 2015; root:xnu-2782.50.1~1/RELEASE_X86_64
Kernel configured for up to 8 processors.
4 processors are physically available.
8 processors are logically available.
Processor type: x86_64h (Intel x86-64h Haswell)
Processors active: 0 1 2 3 4 5 6 7
Primary memory available: 16.00 gigabytes
Default processor set: 269 tasks, 1561 threads, 8 processors
Load average: 1.16, Mach factor: 6.83
/bin/machine           = unknown
/usr/bin/oslevel       = unknown
/bin/universe          = unknown

PATH: /Users/weitz/bin
PATH: /usr/local/bin
PATH: /usr/bin
PATH: /bin
PATH: /usr/sbin
PATH: /sbin
PATH: /opt/X11/bin
PATH: /Library/TeX/texbin


## ----------- ##
## Core tests. ##
## ----------- ##

configure:2510: checking build system type
configure:2524: result: x86_64-apple-darwin14.5.0
configure:2544: checking host system type
configure:2557: result: x86_64-apple-darwin14.5.0
configure:2577: checking target system type
configure:2590: result: x86_64-apple-darwin14.5.0
configure:2652: checking for a BSD-compatible install
configure:2720: result: /usr/local/bin/ginstall -c
configure:2731: checking whether build environment is sane
configure:2786: result: yes
configure:2937: checking for a thread-safe mkdir -p
configure:2976: result: /usr/local/bin/gmkdir -p
configure:2983: checking for gawk
configure:3013: result: no
configure:2983: checking for mawk
configure:3013: result: no
configure:2983: checking for nawk
configure:3013: result: no
configure:2983: checking for awk
configure:2999: found /usr/bin/awk
configure:3010: result: awk
configure:3021: checking whether make sets $(MAKE)
configure:3043: result: yes
configure:3072: checking whether make supports nested variables
configure:3089: result: yes
configure:3208: checking whether to enable maintainer-specific portions of Makefiles
configure:3217: result: no
configure:3280: checking for gcc
configure:3296: found /usr/bin/gcc
configure:3307: result: gcc
configure:3536: checking for C compiler version
configure:3545: gcc --version >&5
Apple LLVM version 7.0.0 (clang-700.1.76)
Target: x86_64-apple-darwin14.5.0
Thread model: posix
Configured with: --prefix=/Applications/Xcode.app/Contents/Developer/usr --with-gxx-include-dir=/usr/include/c++/4.2.1
configure:3556: $? = 0
configure:3545: gcc -v >&5
Configured with: --prefix=/Applications/Xcode.app/Contents/Developer/usr --with-gxx-include-dir=/usr/include/c++/4.2.1
Apple LLVM version 7.0.0 (clang-700.1.76)
Target: x86_64-apple-darwin14.5.0
Thread model: posix
configure:3556: $? = 0
configure:3545: gcc -V >&5
clang: error: argument to '-V' is missing (expected 1 value)
clang: error: no input files
configure:3556: $? = 1
configure:3545: gcc -qversion >&5
clang: error: unknown argument: '-qversion'
clang: error: no input files
configure:3556: $? = 1
configure:3576: checking whether the C compiler works
configure:3598: gcc    conftest.c  >&5
configure:3602: $? = 0
configure:3650: result: yes
configure:3653: checking for C compiler default output file name
configure:3655: result: a.out
configure:3661: checking for suffix of executables
configure:3668: gcc -o conftest    conftest.c  >&5
configure:3672: $? = 0
configure:3694: result: 
configure:3716: checking whether we are cross compiling
configure:3724: gcc -o conftest    conftest.c  >&5
configure:3728: $? = 0
configure:3735: ./conftest
configure:3739: $? = 0
configure:3754: result: no
configure:3759: checking for suffix of object files
configure:3781: gcc -c   conftest.c >&5
configure:3785: $? = 0
configure:3806: result: o
configure:3810: checking whether we are using the GNU C compiler
configure:3829: gcc -c   conftest.c >&5
configure:3829: $? = 0
configure:3838: result: yes
configure:3847: checking whether gcc accepts -g
configure:3867: gcc -c -g  conftest.c >&5
configure:3867: $? = 0
configure:3908: result: yes
configure:3925: checking for gcc option to accept ISO C89
configure:3988: gcc  -c -g -O2  conftest.c >&5
configure:3988: $? = 0
configure:4001: result: none needed
configure:4026: checking whether gcc understands -c and -o together
configure:4048: gcc -c conftest.c -o conftest2.o
configure:4051: $? = 0
configure:4048: gcc -c conftest.c -o conftest2.o
configure:4051: $? = 0
configure:4063: result: yes
configure:4091: checking for style of include used by make
configure:4119: result: GNU
configure:4145: checking dependency style of gcc
configure:4256: result: gcc3
configure:4625: checking how to print strings
configure:4652: result: printf
configure:4673: checking for a sed that does not truncate output
configure:4737: result: /usr/bin/sed
configure:4755: checking for grep that handles long lines and -e
configure:4813: result: /usr/bin/grep
configure:4818: checking for egrep
configure:4880: result: /usr/bin/grep -E
configure:4885: checking for fgrep
configure:4947: result: /usr/bin/grep -F
configure:4982: checking for ld used by gcc
configure:5049: result: /Applications/Xcode.app/Contents/Developer/Toolchains/XcodeDefault.xctoolchain/usr/bin/ld
configure:5056: checking if the linker (/Applications/Xcode.app/Contents/Developer/Toolchains/XcodeDefault.xctoolchain/usr/bin/ld) is GNU ld
configure:5071: result: no
configure:5083: checking for BSD- or MS-compatible name lister (nm)
configure:5137: result: /usr/bin/nm
configure:5267: checking the name lister (/usr/bin/nm) interface
configure:5274: gcc -c -g -O2  conftest.c >&5
configure:5277: /usr/bin/nm "conftest.o"
configure:5280: output
0000000000000200 S _some_variable
configure:5287: result: BSD nm
configure:5290: checking whether ln -s works
configure:5294: result: yes
configure:5302: checking the maximum length of command line arguments
configure:5433: result: 196608
configure:5481: checking how to convert x86_64-apple-darwin14.5.0 file names to x86_64-apple-darwin14.5.0 format
configure:5521: result: func_convert_file_noop
configure:5528: checking how to convert x86_64-apple-darwin14.5.0 file names to toolchain format
configure:5548: result: func_convert_file_noop
configure:5555: checking for /Applications/Xcode.app/Contents/Developer/Toolchains/XcodeDefault.xctoolchain/usr/bin/ld option to reload object files
configure:5562: result: -r
configure:5636: checking for objdump
configure:5663: result: objdump
configure:5692: checking how to recognize dependent libraries
configure:5892: result: pass_all
configure:5977: checking for dlltool
configure:6004: result: dlltool
configure:6034: checking how to associate runtime and link libraries
configure:6061: result: printf %s\n
configure:6122: checking for ar
configure:6138: found /usr/bin/ar
configure:6149: result: ar
configure:6186: checking for archiver @FILE support
configure:6203: gcc -c -g -O2  conftest.c >&5
configure:6203: $? = 0
configure:6206: ar cru libconftest.a @conftest.lst >&5
ar: @conftest.lst: No such file or directory
configure:6209: $? = 1
configure:6229: result: no
configure:6287: checking for strip
configure:6303: found /usr/bin/strip
configure:6314: result: strip
configure:6386: checking for ranlib
configure:6402: found /usr/bin/ranlib
configure:6413: result: ranlib
configure:6515: checking command to parse /usr/bin/nm output from gcc object
configure:6668: gcc -c -g -O2  conftest.c >&5
configure:6671: $? = 0
configure:6675: /usr/bin/nm conftest.o \| sed -n -e 's/^.*[ ]\([BCDEGRST][BCDEGRST]*\)[ ][ ]*\([_A-Za-z][_A-Za-z0-9]*\)$/\1 \2 \2/p' | sed '/ __gnu_lto/d' \> conftest.nm
configure:6678: $? = 0
cannot find nm_test_var in conftest.nm
configure:6668: gcc -c -g -O2  conftest.c >&5
configure:6671: $? = 0
configure:6675: /usr/bin/nm conftest.o \| sed -n -e 's/^.*[ ]\([BCDEGRST][BCDEGRST]*\)[ ][ ]*_\([_A-Za-z][_A-Za-z0-9]*\)$/\1 _\2 \2/p' | sed '/ __gnu_lto/d' \> conftest.nm
configure:6678: $? = 0
configure:6744: gcc -o conftest -g -O2   conftest.c conftstm.o >&5
warning: (x86_64)  could not find object file symbol for symbol _main
configure:6747: $? = 0
configure:6785: result: ok
configure:6832: checking for sysroot
configure:6862: result: no
configure:6869: checking for a working dd
configure:6907: result: /bin/dd
configure:6911: checking how to truncate binary pipes
configure:6926: result: /bin/dd bs=4096 count=1
configure:7255: checking for mt
configure:7285: result: no
configure:7305: checking if : is a manifest tool
configure:7311: : '-?'
configure:7319: result: no
configure:7375: checking for dsymutil
configure:7391: found /usr/bin/dsymutil
configure:7402: result: dsymutil
configure:7467: checking for nmedit
configure:7483: found /usr/bin/nmedit
configure:7494: result: nmedit
configure:7559: checking for lipo
configure:7575: found /usr/bin/lipo
configure:7586: result: lipo
configure:7651: checking for otool
configure:7667: found /usr/bin/otool
configure:7678: result: otool
configure:7743: checking for otool64
configure:7773: result: no
configure:7818: checking for -single_module linker flag
gcc -g -O2  -o libconftest.dylib -dynamiclib -Wl,-single_module conftest.c
configure:7851: result: yes
configure:7854: checking for -exported_symbols_list linker flag
configure:7874: gcc -o conftest -g -O2   -Wl,-exported_symbols_list,conftest.sym conftest.c  >&5
configure:7874: $? = 0
configure:7884: result: yes
configure:7887: checking for -force_load linker flag
gcc -g -O2 -c -o conftest.o conftest.c
ar cru libconftest.a conftest.o
ranlib libconftest.a
gcc -g -O2  -o conftest conftest.c -Wl,-force_load,./libconftest.a
configure:7919: result: yes
configure:7996: checking how to run the C preprocessor
configure:8027: gcc -E  conftest.c
configure:8027: $? = 0
configure:8041: gcc -E  conftest.c
conftest.c:9:10: fatal error: 'ac_nonexistent.h' file not found
#include <ac_nonexistent.h>
         ^
1 error generated.
configure:8041: $? = 1
configure: failed program was:
| /* confdefs.h */
| #define PACKAGE_NAME ""
| #define PACKAGE_TARNAME ""
| #define PACKAGE_VERSION ""
| #define PACKAGE_STRING ""
| #define PACKAGE_BUGREPORT ""
| #define PACKAGE_URL ""
| /* end confdefs.h.  */
| #include <ac_nonexistent.h>
configure:8066: result: gcc -E
configure:8086: gcc -E  conftest.c
configure:8086: $? = 0
configure:8100: gcc -E  conftest.c
conftest.c:9:10: fatal error: 'ac_nonexistent.h' file not found
#include <ac_nonexistent.h>
         ^
1 error generated.
configure:8100: $? = 1
configure: failed program was:
| /* confdefs.h */
| #define PACKAGE_NAME ""
| #define PACKAGE_TARNAME ""
| #define PACKAGE_VERSION ""
| #define PACKAGE_STRING ""
| #define PACKAGE_BUGREPORT ""
| #define PACKAGE_URL ""
| /* end confdefs.h.  */
| #include <ac_nonexistent.h>
configure:8129: checking for ANSI C header files
configure:8149: gcc -c -g -O2  conftest.c >&5
configure:8149: $? = 0
configure:8222: gcc -o conftest -g -O2   conftest.c  >&5
configure:8222: $? = 0
configure:8222: ./conftest
configure:8222: $? = 0
configure:8233: result: yes
configure:8246: checking for sys/types.h
configure:8246: gcc -c -g -O2  conftest.c >&5
configure:8246: $? = 0
configure:8246: result: yes
configure:8246: checking for sys/stat.h
configure:8246: gcc -c -g -O2  conftest.c >&5
configure:8246: $? = 0
configure:8246: result: yes
configure:8246: checking for stdlib.h
configure:8246: gcc -c -g -O2  conftest.c >&5
configure:8246: $? = 0
configure:8246: result: yes
configure:8246: checking for string.h
configure:8246: gcc -c -g -O2  conftest.c >&5
configure:8246: $? = 0
configure:8246: result: yes
configure:8246: checking for memory.h
configure:8246: gcc -c -g -O2  conftest.c >&5
configure:8246: $? = 0
configure:8246: result: yes
configure:8246: checking for strings.h
configure:8246: gcc -c -g -O2  conftest.c >&5
configure:8246: $? = 0
configure:8246: result: yes
configure:8246: checking for inttypes.h
configure:8246: gcc -c -g -O2  conftest.c >&5
configure:8246: $? = 0
configure:8246: result: yes
configure:8246: checking for stdint.h
configure:8246: gcc -c -g -O2  conftest.c >&5
configure:8246: $? = 0
configure:8246: result: yes
configure:8246: checking for unistd.h
configure:8246: gcc -c -g -O2  conftest.c >&5
configure:8246: $? = 0
configure:8246: result: yes
configure:8260: checking for dlfcn.h
configure:8260: gcc -c -g -O2  conftest.c >&5
configure:8260: $? = 0
configure:8260: result: yes
configure:8512: checking for objdir
configure:8527: result: .libs
configure:8791: checking if gcc supports -fno-rtti -fno-exceptions
configure:8809: gcc -c -g -O2  -fno-rtti -fno-exceptions conftest.c >&5
configure:8813: $? = 0
configure:8826: result: yes
configure:9184: checking for gcc option to produce PIC
configure:9191: result: -fno-common -DPIC
configure:9199: checking if gcc PIC flag -fno-common -DPIC works
configure:9217: gcc -c -g -O2  -fno-common -DPIC -DPIC conftest.c >&5
configure:9221: $? = 0
configure:9234: result: yes
configure:9263: checking if gcc static flag -static works
configure:9291: result: no
configure:9306: checking if gcc supports -c -o file.o
configure:9327: gcc -c -g -O2  -o out/conftest2.o conftest.c >&5
configure:9331: $? = 0
configure:9353: result: yes
configure:9361: checking if gcc supports -c -o file.o
configure:9408: result: yes
configure:9441: checking whether the gcc linker (/Applications/Xcode.app/Contents/Developer/Toolchains/XcodeDefault.xctoolchain/usr/bin/ld) supports shared libraries
configure:10700: result: yes
configure:10940: checking dynamic linker characteristics
configure:11758: result: darwin14.5.0 dyld
configure:11880: checking how to hardcode library paths into programs
configure:11905: result: immediate
configure:11950: checking for dlopen in -ldl
configure:11975: gcc -o conftest -g -O2   conftest.c -ldl   >&5
configure:11975: $? = 0
configure:11984: result: yes
configure:12207: checking whether a program can dlopen itself
configure:12287: gcc -o conftest -g -O2  -DHAVE_DLFCN_H   conftest.c -ldl  >&5
configure:12290: $? = 0
configure:12308: result: yes
configure:12313: checking whether a statically linked program can dlopen itself
configure:12393: gcc -o conftest -g -O2  -DHAVE_DLFCN_H    conftest.c -ldl  >&5
configure:12396: $? = 0
configure:12414: result: yes
configure:12453: checking whether stripping libraries is possible
configure:12467: result: yes
configure:12493: checking if libtool supports shared libraries
configure:12495: result: yes
configure:12498: checking whether to build shared libraries
configure:12523: result: yes
configure:12526: checking whether to build static libraries
configure:12530: result: yes
configure:12626: checking for g++
configure:12642: found /usr/bin/g++
configure:12653: result: g++
configure:12680: checking for C++ compiler version
configure:12689: g++ --version >&5
Apple LLVM version 7.0.0 (clang-700.1.76)
Target: x86_64-apple-darwin14.5.0
Thread model: posix
Configured with: --prefix=/Applications/Xcode.app/Contents/Developer/usr --with-gxx-include-dir=/usr/include/c++/4.2.1
configure:12700: $? = 0
configure:12689: g++ -v >&5
Configured with: --prefix=/Applications/Xcode.app/Contents/Developer/usr --with-gxx-include-dir=/usr/include/c++/4.2.1
Apple LLVM version 7.0.0 (clang-700.1.76)
Target: x86_64-apple-darwin14.5.0
Thread model: posix
configure:12700: $? = 0
configure:12689: g++ -V >&5
clang: error: argument to '-V' is missing (expected 1 value)
clang: error: no input files
configure:12700: $? = 1
configure:12689: g++ -qversion >&5
clang: error: unknown argument: '-qversion'
clang: error: no input files
configure:12700: $? = 1
configure:12704: checking whether we are using the GNU C++ compiler
configure:12723: g++ -c   conftest.cpp >&5
configure:12723: $? = 0
configure:12732: result: yes
configure:12741: checking whether g++ accepts -g
configure:12761: g++ -c -g  conftest.cpp >&5
configure:12761: $? = 0
configure:12802: result: yes
configure:12827: checking dependency style of g++
configure:12938: result: gcc3
configure:12971: checking how to run the C++ preprocessor
configure:12998: g++ -E  conftest.cpp
configure:12998: $? = 0
configure:13012: g++ -E  conftest.cpp
conftest.cpp:21:10: fatal error: 'ac_nonexistent.h' file not found
#include <ac_nonexistent.h>
         ^
1 error generated.
configure:13012: $? = 1
configure: failed program was:
| /* confdefs.h */
| #define PACKAGE_NAME ""
| #define PACKAGE_TARNAME ""
| #define PACKAGE_VERSION ""
| #define PACKAGE_STRING ""
| #define PACKAGE_BUGREPORT ""
| #define PACKAGE_URL ""
| #define STDC_HEADERS 1
| #define HAVE_SYS_TYPES_H 1
| #define HAVE_SYS_STAT_H 1
| #define HAVE_STDLIB_H 1
| #define HAVE_STRING_H 1
| #define HAVE_MEMORY_H 1
| #define HAVE_STRINGS_H 1
| #define HAVE_INTTYPES_H 1
| #define HAVE_STDINT_H 1
| #define HAVE_UNISTD_H 1
| #define HAVE_DLFCN_H 1
| #define LT_OBJDIR ".libs/"
| /* end confdefs.h.  */
| #include <ac_nonexistent.h>
configure:13037: result: g++ -E
configure:13057: g++ -E  conftest.cpp
configure:13057: $? = 0
configure:13071: g++ -E  conftest.cpp
conftest.cpp:21:10: fatal error: 'ac_nonexistent.h' file not found
#include <ac_nonexistent.h>
         ^
1 error generated.
configure:13071: $? = 1
configure: failed program was:
| /* confdefs.h */
| #define PACKAGE_NAME ""
| #define PACKAGE_TARNAME ""
| #define PACKAGE_VERSION ""
| #define PACKAGE_STRING ""
| #define PACKAGE_BUGREPORT ""
| #define PACKAGE_URL ""
| #define STDC_HEADERS 1
| #define HAVE_SYS_TYPES_H 1
| #define HAVE_SYS_STAT_H 1
| #define HAVE_STDLIB_H 1
| #define HAVE_STRING_H 1
| #define HAVE_MEMORY_H 1
| #define HAVE_STRINGS_H 1
| #define HAVE_INTTYPES_H 1
| #define HAVE_STDINT_H 1
| #define HAVE_UNISTD_H 1
| #define HAVE_DLFCN_H 1
| #define LT_OBJDIR ".libs/"
| /* end confdefs.h.  */
| #include <ac_nonexistent.h>
configure:13233: checking for ld used by g++
configure:13300: result: /Applications/Xcode.app/Contents/Developer/Toolchains/XcodeDefault.xctoolchain/usr/bin/ld
configure:13307: checking if the linker (/Applications/Xcode.app/Contents/Developer/Toolchains/XcodeDefault.xctoolchain/usr/bin/ld) is GNU ld
configure:13322: result: no
configure:13377: checking whether the g++ linker (/Applications/Xcode.app/Contents/Developer/Toolchains/XcodeDefault.xctoolchain/usr/bin/ld) supports shared libraries
configure:14450: result: yes
configure:14486: g++ -c -g -O2  conftest.cpp >&5
configure:14489: $? = 0
configure:14970: checking for g++ option to produce PIC
configure:14977: result: -fno-common -DPIC
configure:14985: checking if g++ PIC flag -fno-common -DPIC works
configure:15003: g++ -c -g -O2  -fno-common -DPIC -DPIC conftest.cpp >&5
configure:15007: $? = 0
configure:15020: result: yes
configure:15043: checking if g++ static flag -static works
configure:15071: result: no
configure:15083: checking if g++ supports -c -o file.o
configure:15104: g++ -c -g -O2  -o out/conftest2.o conftest.cpp >&5
configure:15108: $? = 0
configure:15130: result: yes
configure:15135: checking if g++ supports -c -o file.o
configure:15182: result: yes
configure:15212: checking whether the g++ linker (/Applications/Xcode.app/Contents/Developer/Toolchains/XcodeDefault.xctoolchain/usr/bin/ld) supports shared libraries
configure:15252: result: yes
configure:15393: checking dynamic linker characteristics
configure:16138: result: darwin14.5.0 dyld
configure:16203: checking how to hardcode library paths into programs
configure:16228: result: immediate
configure:16268: checking for library containing strerror
configure:16299: gcc -o conftest -g -O2   conftest.c  >&5
conftest.c:28:6: warning: incompatible redeclaration of library function 'strerror' [-Wincompatible-library-redeclaration]
char strerror ();
     ^
conftest.c:28:6: note: 'strerror' is a builtin with type 'char *(int)'
1 warning generated.
configure:16299: $? = 0
configure:16316: result: none required
configure:16325: checking whether make sets $(MAKE)
configure:16347: result: yes
configure:16360: checking for dirent.h that defines DIR
configure:16379: gcc -c -g -O2  conftest.c >&5
configure:16379: $? = 0
configure:16387: result: yes
configure:16400: checking for library containing opendir
configure:16431: gcc -o conftest -g -O2   conftest.c  >&5
configure:16431: $? = 0
configure:16448: result: none required
configure:16515: checking whether closedir returns void
configure:16539: gcc -o conftest -g -O2   conftest.c  >&5
configure:16539: $? = 0
configure:16539: ./conftest
configure:16539: $? = 0
configure:16549: result: no
configure:16557: checking for working memcmp
configure:16600: gcc -o conftest -g -O2   conftest.c  >&5
configure:16600: $? = 0
configure:16600: ./conftest
configure:16600: $? = 0
configure:16610: result: yes
configure:16621: checking for strftime
configure:16621: gcc -o conftest -g -O2   conftest.c  >&5
configure:16621: $? = 0
configure:16621: result: yes
configure:16676: checking for vprintf
configure:16676: gcc -o conftest -g -O2   conftest.c  >&5
conftest.c:46:6: warning: incompatible redeclaration of library function 'vprintf' [-Wincompatible-library-redeclaration]
char vprintf ();
     ^
conftest.c:46:6: note: 'vprintf' is a builtin with type 'int (const char *, __va_list_tag *)'
1 warning generated.
configure:16676: $? = 0
configure:16676: result: yes
configure:16682: checking for _doprnt
configure:16682: gcc -o conftest -g -O2   conftest.c  >&5
Undefined symbols for architecture x86_64:
  "__doprnt", referenced from:
      _main in conftest-aa67b1.o
ld: symbol(s) not found for architecture x86_64
clang: error: linker command failed with exit code 1 (use -v to see invocation)
configure:16682: $? = 1
configure: failed program was:
| /* confdefs.h */
| #define PACKAGE_NAME ""
| #define PACKAGE_TARNAME ""
| #define PACKAGE_VERSION ""
| #define PACKAGE_STRING ""
| #define PACKAGE_BUGREPORT ""
| #define PACKAGE_URL ""
| #define STDC_HEADERS 1
| #define HAVE_SYS_TYPES_H 1
| #define HAVE_SYS_STAT_H 1
| #define HAVE_STDLIB_H 1
| #define HAVE_STRING_H 1
| #define HAVE_MEMORY_H 1
| #define HAVE_STRINGS_H 1
| #define HAVE_INTTYPES_H 1
| #define HAVE_STDINT_H 1
| #define HAVE_UNISTD_H 1
| #define HAVE_DLFCN_H 1
| #define LT_OBJDIR ".libs/"
| #define HAVE_DIRENT_H 1
| #define HAVE_STRFTIME 1
| #define HAVE_VPRINTF 1
| /* end confdefs.h.  */
| /* Define _doprnt to an innocuous variant, in case <limits.h> declares _doprnt.
|    For example, HP-UX 11i <limits.h> declares gettimeofday.  */
| #define _doprnt innocuous__doprnt
| 
| /* System header to define __stub macros and hopefully few prototypes,
|     which can conflict with char _doprnt (); below.
|     Prefer <limits.h> to <assert.h> if __STDC__ is defined, since
|     <limits.h> exists even on freestanding compilers.  */
| 
| #ifdef __STDC__
| # include <limits.h>
| #else
| # include <assert.h>
| #endif
| 
| #undef _doprnt
| 
| /* Override any GCC internal prototype to avoid an error.
|    Use char because int might match the return type of a GCC
|    builtin and then its argument prototype would still apply.  */
| #ifdef __cplusplus
| extern "C"
| #endif
| char _doprnt ();
| /* The GNU C library defines this for functions which it implements
|     to always fail with ENOSYS.  Some functions are actually named
|     something starting with __ and the normal name is an alias.  */
| #if defined __stub__doprnt || defined __stub____doprnt
| choke me
| #endif
| 
| int
| main ()
| {
| return _doprnt ();
|   ;
|   return 0;
| }
configure:16682: result: no
configure:16693: checking for size_t
configure:16693: gcc -c -g -O2  conftest.c >&5
configure:16693: $? = 0
configure:16693: gcc -c -g -O2  conftest.c >&5
conftest.c:60:21: error: expected expression
if (sizeof ((size_t)))
                    ^
1 error generated.
configure:16693: $? = 1
configure: failed program was:
| /* confdefs.h */
| #define PACKAGE_NAME ""
| #define PACKAGE_TARNAME ""
| #define PACKAGE_VERSION ""
| #define PACKAGE_STRING ""
| #define PACKAGE_BUGREPORT ""
| #define PACKAGE_URL ""
| #define STDC_HEADERS 1
| #define HAVE_SYS_TYPES_H 1
| #define HAVE_SYS_STAT_H 1
| #define HAVE_STDLIB_H 1
| #define HAVE_STRING_H 1
| #define HAVE_MEMORY_H 1
| #define HAVE_STRINGS_H 1
| #define HAVE_INTTYPES_H 1
| #define HAVE_STDINT_H 1
| #define HAVE_UNISTD_H 1
| #define HAVE_DLFCN_H 1
| #define LT_OBJDIR ".libs/"
| #define HAVE_DIRENT_H 1
| #define HAVE_STRFTIME 1
| #define HAVE_VPRINTF 1
| /* end confdefs.h.  */
| #include <stdio.h>
| #ifdef HAVE_SYS_TYPES_H
| # include <sys/types.h>
| #endif
| #ifdef HAVE_SYS_STAT_H
| # include <sys/stat.h>
| #endif
| #ifdef STDC_HEADERS
| # include <stdlib.h>
| # include <stddef.h>
| #else
| # ifdef HAVE_STDLIB_H
| #  include <stdlib.h>
| # endif
| #endif
| #ifdef HAVE_STRING_H
| # if !defined STDC_HEADERS && defined HAVE_MEMORY_H
| #  include <memory.h>
| # endif
| # include <string.h>
| #endif
| #ifdef HAVE_STRINGS_H
| # include <strings.h>
| #endif
| #ifdef HAVE_INTTYPES_H
| # include <inttypes.h>
| #endif
| #ifdef HAVE_STDINT_H
| # include <stdint.h>
| #endif
| #ifdef HAVE_UNISTD_H
| # include <unistd.h>
| #endif
| int
| main ()
| {
| if (sizeof ((size_t)))
| 	    return 0;
|   ;
|   return 0;
| }
configure:16693: result: yes
configure:16706: checking for working alloca.h
configure:16723: gcc -o conftest -g -O2   conftest.c  >&5
configure:16723: $? = 0
configure:16731: result: yes
configure:16739: checking for alloca
configure:16776: gcc -o conftest -g -O2   conftest.c  >&5
configure:16776: $? = 0
configure:16784: result: yes
configure:16893: checking for dirent.h that defines DIR
configure:16920: result: yes
configure:16933: checking for library containing opendir
configure:16981: result: none required
configure:17048: checking for ANSI C header files
configure:17152: result: yes
configure:17162: checking for memory.h
configure:17162: result: yes
configure:17174: checking for unistd.h
configure:17174: result: yes
configure:17186: checking ieeefp.h usability
configure:17186: gcc -c -g -O2  conftest.c >&5
conftest.c:63:10: fatal error: 'ieeefp.h' file not found
#include <ieeefp.h>
         ^
1 error generated.
configure:17186: $? = 1
configure: failed program was:
| /* confdefs.h */
| #define PACKAGE_NAME ""
| #define PACKAGE_TARNAME ""
| #define PACKAGE_VERSION ""
| #define PACKAGE_STRING ""
| #define PACKAGE_BUGREPORT ""
| #define PACKAGE_URL ""
| #define STDC_HEADERS 1
| #define HAVE_SYS_TYPES_H 1
| #define HAVE_SYS_STAT_H 1
| #define HAVE_STDLIB_H 1
| #define HAVE_STRING_H 1
| #define HAVE_MEMORY_H 1
| #define HAVE_STRINGS_H 1
| #define HAVE_INTTYPES_H 1
| #define HAVE_STDINT_H 1
| #define HAVE_UNISTD_H 1
| #define HAVE_DLFCN_H 1
| #define LT_OBJDIR ".libs/"
| #define HAVE_DIRENT_H 1
| #define HAVE_STRFTIME 1
| #define HAVE_VPRINTF 1
| #define HAVE_ALLOCA_H 1
| #define HAVE_ALLOCA 1
| #define HAVE_DIRENT_H 1
| #define STDC_HEADERS 1
| #define HAVE_MEMORY_H 1
| #define HAVE_UNISTD_H 1
| /* end confdefs.h.  */
| #include <stdio.h>
| #ifdef HAVE_SYS_TYPES_H
| # include <sys/types.h>
| #endif
| #ifdef HAVE_SYS_STAT_H
| # include <sys/stat.h>
| #endif
| #ifdef STDC_HEADERS
| # include <stdlib.h>
| # include <stddef.h>
| #else
| # ifdef HAVE_STDLIB_H
| #  include <stdlib.h>
| # endif
| #endif
| #ifdef HAVE_STRING_H
| # if !defined STDC_HEADERS && defined HAVE_MEMORY_H
| #  include <memory.h>
| # endif
| # include <string.h>
| #endif
| #ifdef HAVE_STRINGS_H
| # include <strings.h>
| #endif
| #ifdef HAVE_INTTYPES_H
| # include <inttypes.h>
| #endif
| #ifdef HAVE_STDINT_H
| # include <stdint.h>
| #endif
| #ifdef HAVE_UNISTD_H
| # include <unistd.h>
| #endif
| #include <ieeefp.h>
configure:17186: result: no
configure:17186: checking ieeefp.h presence
configure:17186: gcc -E  conftest.c
conftest.c:30:10: fatal error: 'ieeefp.h' file not found
#include <ieeefp.h>
         ^
1 error generated.
configure:17186: $? = 1
configure: failed program was:
| /* confdefs.h */
| #define PACKAGE_NAME ""
| #define PACKAGE_TARNAME ""
| #define PACKAGE_VERSION ""
| #define PACKAGE_STRING ""
| #define PACKAGE_BUGREPORT ""
| #define PACKAGE_URL ""
| #define STDC_HEADERS 1
| #define HAVE_SYS_TYPES_H 1
| #define HAVE_SYS_STAT_H 1
| #define HAVE_STDLIB_H 1
| #define HAVE_STRING_H 1
| #define HAVE_MEMORY_H 1
| #define HAVE_STRINGS_H 1
| #define HAVE_INTTYPES_H 1
| #define HAVE_STDINT_H 1
| #define HAVE_UNISTD_H 1
| #define HAVE_DLFCN_H 1
| #define LT_OBJDIR ".libs/"
| #define HAVE_DIRENT_H 1
| #define HAVE_STRFTIME 1
| #define HAVE_VPRINTF 1
| #define HAVE_ALLOCA_H 1
| #define HAVE_ALLOCA 1
| #define HAVE_DIRENT_H 1
| #define STDC_HEADERS 1
| #define HAVE_MEMORY_H 1
| #define HAVE_UNISTD_H 1
| /* end confdefs.h.  */
| #include <ieeefp.h>
configure:17186: result: no
configure:17186: checking for ieeefp.h
configure:17186: result: no
configure:17198: checking sys/file.h usability
configure:17198: gcc -c -g -O2  conftest.c >&5
configure:17198: $? = 0
configure:17198: result: yes
configure:17198: checking sys/file.h presence
configure:17198: gcc -E  conftest.c
configure:17198: $? = 0
configure:17198: result: yes
configure:17198: checking for sys/file.h
configure:17198: result: yes
configure:17210: checking sys/time.h usability
configure:17210: gcc -c -g -O2  conftest.c >&5
configure:17210: $? = 0
configure:17210: result: yes
configure:17210: checking sys/time.h presence
configure:17210: gcc -E  conftest.c
configure:17210: $? = 0
configure:17210: result: yes
configure:17210: checking for sys/time.h
configure:17210: result: yes
configure:17223: checking for strchr
configure:17223: gcc -o conftest -g -O2   conftest.c  >&5
conftest.c:55:6: warning: incompatible redeclaration of library function 'strchr' [-Wincompatible-library-redeclaration]
char strchr ();
     ^
conftest.c:55:6: note: 'strchr' is a builtin with type 'char *(const char *, int)'
1 warning generated.
configure:17223: $? = 0
configure:17223: result: yes
configure:17223: checking for memcpy
configure:17223: gcc -o conftest -g -O2   conftest.c  >&5
conftest.c:56:6: warning: incompatible redeclaration of library function 'memcpy' [-Wincompatible-library-redeclaration]
char memcpy ();
     ^
conftest.c:56:6: note: 'memcpy' is a builtin with type 'void *(void *, const void *, unsigned long)'
1 warning generated.
configure:17223: $? = 0
configure:17223: result: yes
configure:17223: checking for gettimeofday
configure:17223: gcc -o conftest -g -O2   conftest.c  >&5
configure:17223: $? = 0
configure:17223: result: yes
configure:17232: checking whether stat file-mode macros are broken
configure:17259: gcc -c -g -O2  conftest.c >&5
configure:17259: $? = 0
configure:17266: result: no
configure:17274: checking whether struct tm is in sys/time.h or time.h
configure:17294: gcc -c -g -O2  conftest.c >&5
configure:17294: $? = 0
configure:17301: result: time.h
configure:17309: checking for size_t
configure:17309: result: yes
configure:17320: checking for an ANSI C-conforming const
configure:17386: gcc -c -g -O2  conftest.c >&5
configure:17386: $? = 0
configure:17393: result: yes
configure:17444: checking if requested to force inline functions
configure:17451: result: yes
configure:17458: checking if requested to enable assert macros
configure:17465: result: yes
configure:17469: checking if requested libstdc++ debug mode
configure:17476: result: no
configure:17487: checking if g++ supports -pedantic
configure:17505: gcc -c -g -O2  -pedantic conftest.c >&5
configure:17509: $? = 0
configure:17522: result: yes
configure:17531: checking if g++ supports -Wall
configure:17549: gcc -c -g -O2  -Wall conftest.c >&5
configure:17553: $? = 0
configure:17566: result: yes
configure:17575: checking if g++ supports -ansi
configure:17593: gcc -c -g -O2  -ansi conftest.c >&5
configure:17597: $? = 0
configure:17610: result: yes
configure:17619: checking if g++ supports -Wno-long-long
configure:17637: gcc -c -g -O2  -Wno-long-long conftest.c >&5
configure:17641: $? = 0
configure:17654: result: yes
configure:17666: checking if g++ supports -ffloat-store
configure:17684: gcc -c -g -O2  -ffloat-store conftest.c >&5
clang: warning: optimization flag '-ffloat-store' is not supported
clang: warning: argument unused during compilation: '-ffloat-store'
configure:17688: $? = 0
configure:17701: result: no
configure:17721: checking for finite
configure:17737: gcc -o conftest -g -O2   conftest.c  -lm >&5
conftest.c:39:22: warning: 'finite' is deprecated: first deprecated in OS X 10.9 [-Wdeprecated-declarations]
double x; int y; y = finite(x);
                     ^
/usr/include/math.h:718:12: note: 'finite' has been explicitly marked deprecated here
extern int finite(double) __OSX_AVAILABLE_BUT_DEPRECATED(__MAC_10_0, __MAC_10_9, __IPHONE_NA, __IPHONE_NA);
           ^
1 warning generated.
configure:17737: $? = 0
configure:17746: result: yes
configure:17754: checking for isfinite
configure:17770: gcc -o conftest -g -O2   conftest.c  -lm >&5
configure:17770: $? = 0
configure:17779: result: yes
configure:17794: checking for isnan
configure:17810: g++ -o conftest -g -O2   conftest.cpp  -lm >&5
configure:17810: $? = 0
configure:17819: result: yes
configure:17837: checking whether int64_t is 64 bits
configure:17897: gcc -o conftest -g -O2   conftest.c  >&5
conftest.c:38:9: error: unknown type name 'int64_t'
typedef int64_t ac_int64;
        ^
conftest.c:61:1: warning: type specifier missing, defaults to 'int' [-Wimplicit-int]
main() {
^
conftest.c:63:5: warning: implicitly declaring library function 'exit' with type 'void (int) __attribute__((noreturn))'
    exit(0);
    ^
conftest.c:63:5: note: include the header <stdlib.h> or explicitly provide a declaration for 'exit'
2 warnings and 1 error generated.
configure:17897: $? = 1
configure: program exited with status 1
configure: failed program was:
| /* confdefs.h */
| #define PACKAGE_NAME ""
| #define PACKAGE_TARNAME ""
| #define PACKAGE_VERSION ""
| #define PACKAGE_STRING ""
| #define PACKAGE_BUGREPORT ""
| #define PACKAGE_URL ""
| #define STDC_HEADERS 1
| #define HAVE_SYS_TYPES_H 1
| #define HAVE_SYS_STAT_H 1
| #define HAVE_STDLIB_H 1
| #define HAVE_STRING_H 1
| #define HAVE_MEMORY_H 1
| #define HAVE_STRINGS_H 1
| #define HAVE_INTTYPES_H 1
| #define HAVE_STDINT_H 1
| #define HAVE_UNISTD_H 1
| #define HAVE_DLFCN_H 1
| #define LT_OBJDIR ".libs/"
| #define HAVE_DIRENT_H 1
| #define HAVE_STRFTIME 1
| #define HAVE_VPRINTF 1
| #define HAVE_ALLOCA_H 1
| #define HAVE_ALLOCA 1
| #define HAVE_DIRENT_H 1
| #define STDC_HEADERS 1
| #define HAVE_MEMORY_H 1
| #define HAVE_UNISTD_H 1
| #define HAVE_SYS_FILE_H 1
| #define HAVE_SYS_TIME_H 1
| #define HAVE_STRCHR 1
| #define HAVE_MEMCPY 1
| #define HAVE_GETTIMEOFDAY 1
| #define HAVE_FINITE 1
| #define HAVE_ISFINITE 1
| #define HAVE_ISNAN 1
| /* end confdefs.h.  */
| typedef int64_t ac_int64;
| 
| /*
|  * These are globals to discourage the compiler from folding all the
|  * arithmetic tests down to compile-time constants.
|  */
| ac_int64 a = 20000001;
| ac_int64 b = 40000005;
| 
| int does_int64_work()
| {
|   ac_int64 c,d;
| 
|   if (sizeof(ac_int64) != 8)
|     return 0;			/* definitely not the right size */
| 
|   /* Do perfunctory checks to see if 64-bit arithmetic seems to work */
|   c = a * b;
|   d = (c + b) / b;
|   if (d != a+1)
|     return 0;
|   return 1;
| }
| main() {
|   if (does_int64_work())
|     exit(0);
|   exit(-1);
| }
configure:17907: result: no
configure:17918: checking whether long long int is 64 bits
configure:17978: gcc -o conftest -g -O2   conftest.c  >&5
conftest.c:61:1: warning: type specifier missing, defaults to 'int' [-Wimplicit-int]
main() {
^
conftest.c:63:5: warning: implicitly declaring library function 'exit' with type 'void (int) __attribute__((noreturn))'
    exit(0);
    ^
conftest.c:63:5: note: include the header <stdlib.h> or explicitly provide a declaration for 'exit'
2 warnings generated.
configure:17978: $? = 0
configure:17978: ./conftest
configure:17978: $? = 0
configure:17988: result: yes
configure:18777: checking OS-specific settings
configure:18782: result: darwin14.5.0
configure:18784: checking for OS/X version
configure:18804: result: Mac OS X (Darwin 14.5.0 kernel)
configure:18941: checking that generated files are newer than configure
configure:18947: result: done
configure:19002: creating ./config.status

## ---------------------- ##
## Running config.status. ##
## ---------------------- ##

This file was extended by config.status, which was
generated by GNU Autoconf 2.69.  Invocation command line was

  CONFIG_FILES    = 
  CONFIG_HEADERS  = 
  CONFIG_LINKS    = 
  CONFIG_COMMANDS = 
  $ ./config.status 

on q.fritz.box

config.status:1334: creating Makefile
config.status:1334: creating capi/Makefile
config.status:1334: creating capi/geos_c.h
config.status:1334: creating doc/Doxyfile
config.status:1334: creating doc/Makefile
config.status:1334: creating macros/Makefile
config.status:1334: creating src/Makefile
config.status:1334: creating src/algorithm/Makefile
config.status:1334: creating src/algorithm/locate/Makefile
config.status:1334: creating src/algorithm/distance/Makefile
config.status:1334: creating src/geom/Makefile
config.status:1334: creating src/geom/prep/Makefile
config.status:1334: creating src/geom/util/Makefile
config.status:1334: creating src/geomgraph/Makefile
config.status:1334: creating src/geomgraph/index/Makefile
config.status:1334: creating include/Makefile
config.status:1334: creating include/geos/Makefile
config.status:1334: creating include/geos/algorithm/Makefile
config.status:1334: creating include/geos/algorithm/locate/Makefile
config.status:1334: creating include/geos/algorithm/distance/Makefile
config.status:1334: creating include/geos/geom/Makefile
config.status:1334: creating include/geos/geom/prep/Makefile
config.status:1334: creating include/geos/geom/util/Makefile
config.status:1334: creating include/geos/geomgraph/Makefile
config.status:1334: creating include/geos/geomgraph/index/Makefile
config.status:1334: creating include/geos/index/Makefile
config.status:1334: creating include/geos/index/bintree/Makefile
config.status:1334: creating include/geos/index/chain/Makefile
config.status:1334: creating include/geos/index/intervalrtree/Makefile
config.status:1334: creating include/geos/index/quadtree/Makefile
config.status:1334: creating include/geos/index/strtree/Makefile
config.status:1334: creating include/geos/index/sweepline/Makefile
config.status:1334: creating include/geos/io/Makefile
config.status:1334: creating include/geos/linearref/Makefile
config.status:1334: creating include/geos/noding/Makefile
config.status:1334: creating include/geos/noding/snapround/Makefile
config.status:1334: creating include/geos/operation/Makefile
config.status:1334: creating include/geos/operation/buffer/Makefile
config.status:1334: creating include/geos/operation/distance/Makefile
config.status:1334: creating include/geos/operation/intersection/Makefile
config.status:1334: creating include/geos/operation/linemerge/Makefile
config.status:1334: creating include/geos/operation/overlay/Makefile
config.status:1334: creating include/geos/operation/overlay/snap/Makefile
config.status:1334: creating include/geos/operation/polygonize/Makefile
config.status:1334: creating include/geos/operation/predicate/Makefile
config.status:1334: creating include/geos/operation/relate/Makefile
config.status:1334: creating include/geos/operation/sharedpaths/Makefile
config.status:1334: creating include/geos/operation/union/Makefile
config.status:1334: creating include/geos/operation/valid/Makefile
config.status:1334: creating include/geos/planargraph/Makefile
config.status:1334: creating include/geos/planargraph/algorithm/Makefile
config.status:1334: creating include/geos/precision/Makefile
config.status:1334: creating include/geos/simplify/Makefile
config.status:1334: creating include/geos/triangulate/Makefile
config.status:1334: creating include/geos/triangulate/quadedge/Makefile
config.status:1334: creating include/geos/util/Makefile
config.status:1334: creating include/geos/version.h
config.status:1334: creating src/index/Makefile
config.status:1334: creating src/index/bintree/Makefile
config.status:1334: creating src/index/chain/Makefile
config.status:1334: creating src/index/intervalrtree/Makefile
config.status:1334: creating src/index/quadtree/Makefile
config.status:1334: creating src/index/strtree/Makefile
config.status:1334: creating src/index/sweepline/Makefile
config.status:1334: creating src/io/Makefile
config.status:1334: creating src/linearref/Makefile
config.status:1334: creating src/noding/Makefile
config.status:1334: creating src/noding/snapround/Makefile
config.status:1334: creating src/operation/Makefile
config.status:1334: creating src/operation/buffer/Makefile
config.status:1334: creating src/operation/distance/Makefile
config.status:1334: creating src/operation/intersection/Makefile
config.status:1334: creating src/operation/linemerge/Makefile
config.status:1334: creating src/operation/overlay/Makefile
config.status:1334: creating src/operation/polygonize/Makefile
config.status:1334: creating src/operation/predicate/Makefile
config.status:1334: creating src/operation/relate/Makefile
config.status:1334: creating src/operation/sharedpaths/Makefile
config.status:1334: creating src/operation/union/Makefile
config.status:1334: creating src/operation/valid/Makefile
config.status:1334: creating src/planargraph/Makefile
config.status:1334: creating src/precision/Makefile
config.status:1334: creating src/simplify/Makefile
config.status:1334: creating src/triangulate/Makefile
config.status:1334: creating src/triangulate/quadedge/Makefile
config.status:1334: creating src/util/Makefile
config.status:1334: creating swig/geos.i
config.status:1334: creating swig/Makefile
config.status:1334: creating swig/python/Makefile
config.status:1334: creating swig/python/tests/Makefile
config.status:1334: creating swig/ruby/Makefile
config.status:1334: creating swig/ruby/test/Makefile
config.status:1334: creating php/Makefile
config.status:1334: creating php/test/Makefile
config.status:1334: creating tests/Makefile
config.status:1334: creating tests/bigtest/Makefile
config.status:1334: creating tests/unit/Makefile
config.status:1334: creating tests/perf/Makefile
config.status:1334: creating tests/perf/operation/Makefile
config.status:1334: creating tests/perf/operation/buffer/Makefile
config.status:1334: creating tests/perf/operation/predicate/Makefile
config.status:1334: creating tests/perf/capi/Makefile
config.status:1334: creating tests/xmltester/Makefile
config.status:1334: creating tests/geostest/Makefile
config.status:1334: creating tests/thread/Makefile
config.status:1334: creating tools/Makefile
config.status:1334: creating tools/geos-config
config.status:1334: creating include/config.h
config.status:1334: creating include/geos/platform.h
config.status:1515: include/geos/platform.h is unchanged
config.status:1563: executing depfiles commands
config.status:1563: executing libtool commands

## ---------------- ##
## Cache variables. ##
## ---------------- ##

ac_cv_build=x86_64-apple-darwin14.5.0
ac_cv_c_compiler_gnu=yes
ac_cv_c_const=yes
ac_cv_cxx_compiler_gnu=yes
ac_cv_env_CCC_set=
ac_cv_env_CCC_value=
ac_cv_env_CC_set=
ac_cv_env_CC_value=
ac_cv_env_CFLAGS_set=
ac_cv_env_CFLAGS_value=
ac_cv_env_CPPFLAGS_set=
ac_cv_env_CPPFLAGS_value=
ac_cv_env_CPP_set=
ac_cv_env_CPP_value=
ac_cv_env_CXXCPP_set=
ac_cv_env_CXXCPP_value=
ac_cv_env_CXXFLAGS_set=
ac_cv_env_CXXFLAGS_value=
ac_cv_env_CXX_set=
ac_cv_env_CXX_value=
ac_cv_env_LDFLAGS_set=
ac_cv_env_LDFLAGS_value=
ac_cv_env_LIBS_set=
ac_cv_env_LIBS_value=
ac_cv_env_LT_SYS_LIBRARY_PATH_set=
ac_cv_env_LT_SYS_LIBRARY_PATH_value=
ac_cv_env_build_alias_set=
ac_cv_env_build_alias_value=
ac_cv_env_host_alias_set=
ac_cv_env_host_alias_value=
ac_cv_env_target_alias_set=
ac_cv_env_target_alias_value=
ac_cv_finite=yes
ac_cv_func__doprnt=no
ac_cv_func_alloca_works=yes
ac_cv_func_closedir_void=no
ac_cv_func_gettimeofday=yes
ac_cv_func_memcmp_working=yes
ac_cv_func_memcpy=yes
ac_cv_func_strchr=yes
ac_cv_func_strftime=yes
ac_cv_func_vprintf=yes
ac_cv_header_dirent_dirent_h=yes
ac_cv_header_dlfcn_h=yes
ac_cv_header_ieeefp_h=no
ac_cv_header_inttypes_h=yes
ac_cv_header_memory_h=yes
ac_cv_header_stat_broken=no
ac_cv_header_stdc=yes
ac_cv_header_stdint_h=yes
ac_cv_header_stdlib_h=yes
ac_cv_header_string_h=yes
ac_cv_header_strings_h=yes
ac_cv_header_sys_file_h=yes
ac_cv_header_sys_stat_h=yes
ac_cv_header_sys_time_h=yes
ac_cv_header_sys_types_h=yes
ac_cv_header_unistd_h=yes
ac_cv_host=x86_64-apple-darwin14.5.0
ac_cv_isfinite=yes
ac_cv_isnan=yes
ac_cv_lib_dl_dlopen=yes
ac_cv_objext=o
ac_cv_path_EGREP='/usr/bin/grep -E'
ac_cv_path_FGREP='/usr/bin/grep -F'
ac_cv_path_GREP=/usr/bin/grep
ac_cv_path_SED=/usr/bin/sed
ac_cv_path_install='/usr/local/bin/ginstall -c'
ac_cv_path_lt_DD=/bin/dd
ac_cv_path_mkdir=/usr/local/bin/gmkdir
ac_cv_prog_AWK=awk
ac_cv_prog_CPP='gcc -E'
ac_cv_prog_CXXCPP='g++ -E'
ac_cv_prog_ac_ct_AR=ar
ac_cv_prog_ac_ct_CC=gcc
ac_cv_prog_ac_ct_CXX=g++
ac_cv_prog_ac_ct_DLLTOOL=dlltool
ac_cv_prog_ac_ct_DSYMUTIL=dsymutil
ac_cv_prog_ac_ct_LIPO=lipo
ac_cv_prog_ac_ct_NMEDIT=nmedit
ac_cv_prog_ac_ct_OBJDUMP=objdump
ac_cv_prog_ac_ct_OTOOL=otool
ac_cv_prog_ac_ct_RANLIB=ranlib
ac_cv_prog_ac_ct_STRIP=strip
ac_cv_prog_cc_c89=
ac_cv_prog_cc_g=yes
ac_cv_prog_cxx_g=yes
ac_cv_prog_make_make_set=yes
ac_cv_search_opendir='none required'
ac_cv_search_strerror='none required'
ac_cv_struct_tm=time.h
ac_cv_target=x86_64-apple-darwin14.5.0
ac_cv_type_size_t=yes
ac_cv_working_alloca_h=yes
am_cv_CC_dependencies_compiler_type=gcc3
am_cv_CXX_dependencies_compiler_type=gcc3
am_cv_make_support_nested_variables=yes
am_cv_prog_cc_c_o=yes
dummy_cv_ansi=yes
dummy_cv_ffloat_store=no
dummy_cv_no_long_long=yes
dummy_cv_pedantic=yes
dummy_cv_wall=yes
lt_cv_apple_cc_single_mod=yes
lt_cv_ar_at_file=no
lt_cv_deplibs_check_method=pass_all
lt_cv_dlopen=dlopen
lt_cv_dlopen_libs=-ldl
lt_cv_dlopen_self=yes
lt_cv_dlopen_self_static=yes
lt_cv_file_magic_cmd='$MAGIC_CMD'
lt_cv_file_magic_test_file=
lt_cv_ld_exported_symbols_list=yes
lt_cv_ld_force_load=yes
lt_cv_ld_reload_flag=-r
lt_cv_nm_interface='BSD nm'
lt_cv_objdir=.libs
lt_cv_path_LD=/Applications/Xcode.app/Contents/Developer/Toolchains/XcodeDefault.xctoolchain/usr/bin/ld
lt_cv_path_LDCXX=/Applications/Xcode.app/Contents/Developer/Toolchains/XcodeDefault.xctoolchain/usr/bin/ld
lt_cv_path_NM=/usr/bin/nm
lt_cv_path_mainfest_tool=no
lt_cv_prog_compiler_c_o=yes
lt_cv_prog_compiler_c_o_CXX=yes
lt_cv_prog_compiler_pic='-fno-common -DPIC'
lt_cv_prog_compiler_pic_CXX='-fno-common -DPIC'
lt_cv_prog_compiler_pic_works=yes
lt_cv_prog_compiler_pic_works_CXX=yes
lt_cv_prog_compiler_rtti_exceptions=yes
lt_cv_prog_compiler_static_works=no
lt_cv_prog_compiler_static_works_CXX=no
lt_cv_prog_gnu_ld=no
lt_cv_prog_gnu_ldcxx=no
lt_cv_sharedlib_from_linklib_cmd='printf %s\n'
lt_cv_sys_global_symbol_pipe='sed -n -e '\''s/^.*[	 ]\([BCDEGRST][BCDEGRST]*\)[	 ][	 ]*_\([_A-Za-z][_A-Za-z0-9]*\)$/\1 _\2 \2/p'\'' | sed '\''/ __gnu_lto/d'\'''
lt_cv_sys_global_symbol_to_c_name_address='sed -n -e '\''s/^: \(.*\) .*$/  {"\1", (void *) 0},/p'\'' -e '\''s/^[BCDEGRST][BCDEGRST]* .* \(.*\)$/  {"\1", (void *) \&\1},/p'\'''
lt_cv_sys_global_symbol_to_c_name_address_lib_prefix='sed -n -e '\''s/^: \(.*\) .*$/  {"\1", (void *) 0},/p'\'' -e '\''s/^[BCDEGRST][BCDEGRST]* .* \(lib.*\)$/  {"\1", (void *) \&\1},/p'\'' -e '\''s/^[BCDEGRST][BCDEGRST]* .* \(.*\)$/  {"lib\1", (void *) \&\1},/p'\'''
lt_cv_sys_global_symbol_to_cdecl='sed -n -e '\''s/^T .* \(.*\)$/extern int \1();/p'\'' -e '\''s/^[BCDEGRST][BCDEGRST]* .* \(.*\)$/extern char \1;/p'\'''
lt_cv_sys_global_symbol_to_import=
lt_cv_sys_max_cmd_len=196608
lt_cv_to_host_file_cmd=func_convert_file_noop
lt_cv_to_tool_file_cmd=func_convert_file_noop
lt_cv_truncate_bin='/bin/dd bs=4096 count=1'
pgac_cv_type_int64_t_64=no
pgac_cv_type_long_long_int_64=yes

## ----------------- ##
## Output variables. ##
## ----------------- ##

ACLOCAL='${SHELL} /Users/weitz/Documents/work/spatial/jni/geos-3.5.0/missing aclocal-1.15'
ALLOCA=''
AMDEPBACKSLASH='\'
AMDEP_FALSE='#'
AMDEP_TRUE=''
AMTAR='$${TAR-tar}'
AM_BACKSLASH='\'
AM_CFLAGS='  -pedantic -Wall -ansi -Wno-long-long '
AM_CXXFLAGS=' -DGEOS_INLINE  -pedantic -Wall -ansi -Wno-long-long '
AM_DEFAULT_V='$(AM_DEFAULT_VERBOSITY)'
AM_DEFAULT_VERBOSITY='1'
AM_V='$(V)'
AR='ar'
AS='as'
AUTOCONF='${SHELL} /Users/weitz/Documents/work/spatial/jni/geos-3.5.0/missing autoconf'
AUTOHEADER='${SHELL} /Users/weitz/Documents/work/spatial/jni/geos-3.5.0/missing autoheader'
AUTOMAKE='${SHELL} /Users/weitz/Documents/work/spatial/jni/geos-3.5.0/missing automake-1.15'
AWK='awk'
CAPI_INTERFACE_AGE='9'
CAPI_INTERFACE_CURRENT='10'
CAPI_INTERFACE_REVISION='0'
CAPI_VERSION='1.9.0'
CAPI_VERSION_MAJOR='1'
CAPI_VERSION_MINOR='9'
CAPI_VERSION_PATCH='0'
CC='gcc'
CCDEPMODE='depmode=gcc3'
CFLAGS='-g -O2'
CPP='gcc -E'
CPPFLAGS=''
CXX='g++'
CXXCPP='g++ -E'
CXXDEPMODE='depmode=gcc3'
CXXFLAGS='-g -O2'
CYGPATH_W='echo'
DEFS='-DHAVE_CONFIG_H'
DEPDIR='.deps'
DLLTOOL='dlltool'
DSYMUTIL='dsymutil'
DUMPBIN=''
ECHO_C='\c'
ECHO_N=''
ECHO_T=''
EGREP='/usr/bin/grep -E'
ENABLE_PHP_FALSE=''
ENABLE_PHP_TRUE='#'
ENABLE_PYTHON_FALSE=''
ENABLE_PYTHON_TRUE='#'
ENABLE_RUBY_FALSE=''
ENABLE_RUBY_TRUE='#'
ENABLE_SWIG_FALSE=''
ENABLE_SWIG_TRUE='#'
EXEEXT=''
FGREP='/usr/bin/grep -F'
GREP='/usr/bin/grep'
HAVE_PHP_FALSE=''
HAVE_PHP_TRUE='#'
HAVE_PHP_UNIT_FALSE=''
HAVE_PHP_UNIT_TRUE='#'
INLINE_FLAGS='-DGEOS_INLINE'
INSTALL_DATA='${INSTALL} -m 644'
INSTALL_PROGRAM='${INSTALL}'
INSTALL_SCRIPT='${INSTALL}'
INSTALL_STRIP_PROGRAM='$(install_sh) -c -s'
INTERFACE_AGE=''
INTERFACE_CURRENT=''
INTERFACE_REVISION=''
JTS_PORT='1.13.0'
LD='/Applications/Xcode.app/Contents/Developer/Toolchains/XcodeDefault.xctoolchain/usr/bin/ld'
LDFLAGS=''
LIBOBJS=''
LIBS=''
LIBTOOL='$(SHELL) $(top_builddir)/libtool'
LIPO='lipo'
LN_S='ln -s'
LTLIBOBJS=''
LT_SYS_LIBRARY_PATH=''
MAINT='#'
MAINTAINER_MODE_FALSE=''
MAINTAINER_MODE_TRUE='#'
MAKEINFO='${SHELL} /Users/weitz/Documents/work/spatial/jni/geos-3.5.0/missing makeinfo'
MANIFEST_TOOL=':'
MKDIR_P='/usr/local/bin/gmkdir -p'
NM='/usr/bin/nm'
NMEDIT='nmedit'
OBJDUMP='objdump'
OBJEXT='o'
OTOOL64=':'
OTOOL='otool'
PACKAGE='geos'
PACKAGE_BUGREPORT=''
PACKAGE_NAME=''
PACKAGE_STRING=''
PACKAGE_TARNAME=''
PACKAGE_URL=''
PACKAGE_VERSION=''
PATH_SEPARATOR=':'
PHP=''
PHPUNIT=''
PHP_CONFIG=''
PYTHON=''
PYTHON_CPPFLAGS=''
PYTHON_EXEC_PREFIX=''
PYTHON_EXTRA_LIBS=''
PYTHON_LDFLAGS=''
PYTHON_PLATFORM=''
PYTHON_PREFIX=''
PYTHON_SITE_PKG=''
PYTHON_VERSION=''
RANLIB='ranlib'
RUBY=''
RUBY_BIN_DIR=''
RUBY_EXTENSION_DIR=''
RUBY_INCLUDE_DIR=''
RUBY_LIB_DIR=''
RUBY_SHARED_LIB=''
RUBY_SITE_ARCH=''
RUBY_SO_NAME=''
RUBY_VERSION=''
SED='/usr/bin/sed'
SET_MAKE=''
SHELL='/bin/sh'
STRIP='strip'
SWIG=''
SWIG_LIB=''
SWIG_PYTHON_CPPFLAGS=''
SWIG_PYTHON_OPT=''
VERSION='3.5.0'
VERSION_MAJOR='3'
VERSION_MINOR='5'
VERSION_PATCH='0'
ac_ct_AR='ar'
ac_ct_CC='gcc'
ac_ct_CXX='g++'
ac_ct_DUMPBIN=''
am__EXEEXT_FALSE=''
am__EXEEXT_TRUE='#'
am__fastdepCC_FALSE='#'
am__fastdepCC_TRUE=''
am__fastdepCXX_FALSE='#'
am__fastdepCXX_TRUE=''
am__include='include'
am__isrc=''
am__leading_dot='.'
am__nodep='_no'
am__quote=''
am__tar='$${TAR-tar} chof - "$$tardir"'
am__untar='$${TAR-tar} xf -'
bindir='${exec_prefix}/bin'
build='x86_64-apple-darwin14.5.0'
build_alias=''
build_cpu='x86_64'
build_os='darwin14.5.0'
build_vendor='apple'
datadir='${datarootdir}'
datarootdir='${prefix}/share'
docdir='${datarootdir}/doc/${PACKAGE}'
dvidir='${docdir}'
exec_prefix='${prefix}'
host='x86_64-apple-darwin14.5.0'
host_alias=''
host_cpu='x86_64'
host_os='darwin14.5.0'
host_vendor='apple'
htmldir='${docdir}'
includedir='${prefix}/include'
infodir='${datarootdir}/info'
install_sh='${SHELL} /Users/weitz/Documents/work/spatial/jni/geos-3.5.0/install-sh'
libdir='${exec_prefix}/lib'
libexecdir='${exec_prefix}/libexec'
localedir='${datarootdir}/locale'
localstatedir='${prefix}/var'
mandir='${datarootdir}/man'
mkdir_p='$(MKDIR_P)'
oldincludedir='/usr/include'
pdfdir='${docdir}'
pkgpyexecdir=''
pkgpythondir=''
prefix='/Users/weitz/ndk/build/armeabi'
program_transform_name='s,x,x,'
psdir='${docdir}'
pyexecdir=''
pythondir=''
sbindir='${exec_prefix}/sbin'
sharedstatedir='${prefix}/com'
sysconfdir='${prefix}/etc'
target='x86_64-apple-darwin14.5.0'
target_alias=''
target_cpu='x86_64'
target_os='darwin14.5.0'
target_vendor='apple'

## ----------- ##
## confdefs.h. ##
## ----------- ##

/* confdefs.h */
#define PACKAGE_NAME ""
#define PACKAGE_TARNAME ""
#define PACKAGE_VERSION ""
#define PACKAGE_STRING ""
#define PACKAGE_BUGREPORT ""
#define PACKAGE_URL ""
#define STDC_HEADERS 1
#define HAVE_SYS_TYPES_H 1
#define HAVE_SYS_STAT_H 1
#define HAVE_STDLIB_H 1
#define HAVE_STRING_H 1
#define HAVE_MEMORY_H 1
#define HAVE_STRINGS_H 1
#define HAVE_INTTYPES_H 1
#define HAVE_STDINT_H 1
#define HAVE_UNISTD_H 1
#define HAVE_DLFCN_H 1
#define LT_OBJDIR ".libs/"
#define HAVE_DIRENT_H 1
#define HAVE_STRFTIME 1
#define HAVE_VPRINTF 1
#define HAVE_ALLOCA_H 1
#define HAVE_ALLOCA 1
#define HAVE_DIRENT_H 1
#define STDC_HEADERS 1
#define HAVE_MEMORY_H 1
#define HAVE_UNISTD_H 1
#define HAVE_SYS_FILE_H 1
#define HAVE_SYS_TIME_H 1
#define HAVE_STRCHR 1
#define HAVE_MEMCPY 1
#define HAVE_GETTIMEOFDAY 1
#define HAVE_FINITE 1
#define HAVE_ISFINITE 1
#define HAVE_ISNAN 1
#define HAVE_LONG_LONG_INT_64 1

configure: exit 0
